f:\hsoul\slua\lqua\lqua\debug\vc140.pdb
f:\hsoul\slua\lqua\lqua\debug\vc140.idb
f:\hsoul\slua\lqua\lqua\debug\dump.obj
f:\hsoul\slua\lqua\lqua\debug\main.obj
f:\hsoul\slua\lqua\lqua\debug\common.obj
f:\hsoul\slua\lqua\lqua\debug\lobject.obj
f:\hsoul\slua\lqua\lqua\debug\memory.obj
f:\hsoul\slua\lqua\lqua\debug\test.obj
f:\hsoul\slua\lqua\lqua\debug\lex.obj
f:\hsoul\slua\lqua\lqua\debug\builtin.obj
f:\hsoul\slua\lqua\lqua\debug\state.obj
f:\hsoul\slua\lqua\lqua\debug\table.obj
f:\hsoul\slua\lqua\lqua\debug\vm.obj
f:\hsoul\slua\lqua\lqua\debug\gram.obj
f:\hsoul\slua\lqua\lqua\debug\const.obj
f:\hsoul\slua\lqua\debug\lqua.ilk
f:\hsoul\slua\lqua\debug\lqua.exe
f:\hsoul\slua\lqua\debug\lqua.pdb
f:\hsoul\slua\lqua\lqua\debug\lqua.tlog\cl.command.1.tlog
f:\hsoul\slua\lqua\lqua\debug\lqua.tlog\cl.read.1.tlog
f:\hsoul\slua\lqua\lqua\debug\lqua.tlog\cl.write.1.tlog
f:\hsoul\slua\lqua\lqua\debug\lqua.tlog\link.command.1.tlog
f:\hsoul\slua\lqua\lqua\debug\lqua.tlog\link.read.1.tlog
f:\hsoul\slua\lqua\lqua\debug\lqua.tlog\link.write.1.tlog
